/*C6*/SET SCHEMA PUBLIC
drop table if exists Client CASCADE 
drop table if exists Payment CASCADE 
drop table if exists Product CASCADE 
drop table if exists Sale CASCADE 
create table Client (idClient integer generated by default as identity (start with 1), CPF varchar(255) not null, adress varchar(255), nomeClient varchar(255), tel varchar(255), primary key (idClient))
create table Payment (idPayment integer generated by default as identity (start with 1), descriptionPayment varchar(255) not null, primary key (idPayment))
create table Product (idProduct integer generated by default as identity (start with 1), descriptionProduct varchar(255) not null, primary key (idProduct))
create table Sale (idSale integer generated by default as identity (start with 1), horario timestamp, status varchar(255), client_idClient integer, payment_idPayment integer, product_idProduct integer, primary key (idSale))
alter table Client add constraint UK_tffauhjxm1xmoir814ji2wxjq unique (CPF)
alter table Sale add constraint FK8n33ij2c4urhvoj124q5jkv63 foreign key (client_idClient) references Client
alter table Sale add constraint FK1oq3a58g23edhk5f4cj2b15g foreign key (payment_idPayment) references Payment
alter table Sale add constraint FKcxlwkxef4bl1cc7j8ibbq0ye3 foreign key (product_idProduct) references Product
/*C7*/SET SCHEMA PUBLIC
drop table if exists Client CASCADE 
drop table if exists Payment CASCADE 
drop table if exists Product CASCADE 
drop table if exists Sale CASCADE 
create table Client (idClient integer generated by default as identity (start with 1), CPF varchar(255) not null, adress varchar(255), nomeClient varchar(255), tel varchar(255), primary key (idClient))
create table Payment (idPayment integer generated by default as identity (start with 1), descriptionPayment varchar(255) not null, primary key (idPayment))
create table Product (idProduct integer generated by default as identity (start with 1), descriptionProduct varchar(255) not null, primary key (idProduct))
create table Sale (idSale integer generated by default as identity (start with 1), horario timestamp, status varchar(255), client_idClient integer, payment_idPayment integer, product_idProduct integer, primary key (idSale))
alter table Client add constraint UK_tffauhjxm1xmoir814ji2wxjq unique (CPF)
alter table Sale add constraint FK8n33ij2c4urhvoj124q5jkv63 foreign key (client_idClient) references Client
alter table Sale add constraint FK1oq3a58g23edhk5f4cj2b15g foreign key (payment_idPayment) references Payment
alter table Sale add constraint FKcxlwkxef4bl1cc7j8ibbq0ye3 foreign key (product_idProduct) references Product
/*C8*/SET SCHEMA PUBLIC
drop table if exists Client CASCADE 
drop table if exists Payment CASCADE 
drop table if exists Product CASCADE 
drop table if exists Sale CASCADE 
create table Client (idClient integer generated by default as identity (start with 1), CPF varchar(255) not null, adress varchar(255), nomeClient varchar(255), tel varchar(255), primary key (idClient))
create table Payment (idPayment integer generated by default as identity (start with 1), descriptionPayment varchar(255) not null, primary key (idPayment))
create table Product (idProduct integer generated by default as identity (start with 1), descriptionProduct varchar(255) not null, primary key (idProduct))
create table Sale (idSale integer generated by default as identity (start with 1), horario timestamp, status varchar(255), client_idClient integer, payment_idPayment integer, product_idProduct integer, primary key (idSale))
alter table Client add constraint UK_tffauhjxm1xmoir814ji2wxjq unique (CPF)
alter table Sale add constraint FK8n33ij2c4urhvoj124q5jkv63 foreign key (client_idClient) references Client
alter table Sale add constraint FK1oq3a58g23edhk5f4cj2b15g foreign key (payment_idPayment) references Payment
alter table Sale add constraint FKcxlwkxef4bl1cc7j8ibbq0ye3 foreign key (product_idProduct) references Product
/*C9*/SET SCHEMA PUBLIC
drop table if exists Client CASCADE 
drop table if exists Payment CASCADE 
drop table if exists Product CASCADE 
drop table if exists Sale CASCADE 
create table Client (idClient integer generated by default as identity (start with 1), CPF varchar(255) not null, adress varchar(255), nomeClient varchar(255), tel varchar(255), primary key (idClient))
create table Payment (idPayment integer generated by default as identity (start with 1), descriptionPayment varchar(255) not null, primary key (idPayment))
create table Product (idProduct integer generated by default as identity (start with 1), descriptionProduct varchar(255) not null, primary key (idProduct))
create table Sale (idSale integer generated by default as identity (start with 1), horario timestamp, status varchar(255), client_idClient integer, payment_idPayment integer, product_idProduct integer, primary key (idSale))
alter table Client add constraint UK_tffauhjxm1xmoir814ji2wxjq unique (CPF)
alter table Sale add constraint FK8n33ij2c4urhvoj124q5jkv63 foreign key (client_idClient) references Client
alter table Sale add constraint FK1oq3a58g23edhk5f4cj2b15g foreign key (payment_idPayment) references Payment
alter table Sale add constraint FKcxlwkxef4bl1cc7j8ibbq0ye3 foreign key (product_idProduct) references Product
/*C7*/INSERT INTO PRODUCT VALUES(1,'Santa Clara')
COMMIT
INSERT INTO PRODUCT VALUES(2,'Indai\u00e1')
COMMIT
INSERT INTO PRODUCT VALUES(3,'Santa Joana')
COMMIT
/*C8*/INSERT INTO PAYMENT VALUES(1,'Dinheiro')
COMMIT
INSERT INTO PAYMENT VALUES(2,'Cart\u00e3o')
COMMIT
/*C6*/INSERT INTO CLIENT VALUES(1,'70609433075','Av Boa viagem 123','Rayza Wilma','(81)3333-3333')
COMMIT
INSERT INTO CLIENT VALUES(2,'24093761000','Rua Nova 456','Thalita Brayner','(81)98888-8888')
COMMIT
INSERT INTO CLIENT VALUES(3,'48235674041','Travessa 890','Rafael Teste','(81)99999-8888')
COMMIT
/*C9*/INSERT INTO SALE VALUES(1,'2019-12-05 14:54:04.944000','Ativo',1,1,1)
COMMIT
INSERT INTO SALE VALUES(2,'2019-12-05 14:54:04.956000','Ativo',2,2,1)
COMMIT
INSERT INTO SALE VALUES(3,'2019-12-05 14:54:04.958000','Ativo',3,1,3)
COMMIT
